"../../../Engine/Content/EngineMaterials/T_Default_Material_Grid_M.ubulk" 0
"../../../Engine/Content/EngineMaterials/T_Default_Material_Grid_M.uasset" 1
"../../../Engine/Content/EngineMaterials/T_Default_Material_Grid_M.uexp" 2
"../../../Engine/Content/EngineMaterials/T_Default_Material_Grid_N.ubulk" 3
"../../../Engine/Content/EngineMaterials/T_Default_Material_Grid_N.uasset" 4
"../../../Engine/Content/EngineMaterials/T_Default_Material_Grid_N.uexp" 5
"../../../Engine/Content/Functions/Engine_MaterialFunctions01/Opacity/CameraDepthFade.uasset" 6
"../../../Engine/Content/Functions/Engine_MaterialFunctions01/Opacity/CameraDepthFade.uexp" 7
"../../../Engine/Content/EngineMaterials/DefaultMaterial.uasset" 8
"../../../Engine/Content/EngineMaterials/DefaultMaterial.uexp" 9
"../../../Engine/Content/BasicShapes/Sphere.ubulk" 10
"../../../Engine/Content/BasicShapes/Sphere.uasset" 11
"../../../Engine/Content/BasicShapes/Sphere.uexp" 12
"../../../Engine/Content/EngineMaterials/WorldGridMaterial.uasset" 13
"../../../Engine/Content/EngineMaterials/WorldGridMaterial.uexp" 14
"../../../Engine/Content/BasicShapes/Plane.ubulk" 15
"../../../Engine/Content/BasicShapes/Plane.uasset" 16
"../../../Engine/Content/BasicShapes/Plane.uexp" 17
"../../../Engine/Content/BasicShapes/Cylinder.ubulk" 18
"../../../Engine/Content/BasicShapes/Cylinder.uasset" 19
"../../../Engine/Content/BasicShapes/Cylinder.uexp" 20
"../../../Engine/Content/BasicShapes/Cube.ubulk" 21
"../../../Engine/Content/BasicShapes/Cube.uasset" 22
"../../../Engine/Content/BasicShapes/Cube.uexp" 23
"../../../Engine/Content/BasicShapes/Cone.ubulk" 24
"../../../Engine/Content/BasicShapes/Cone.uasset" 25
"../../../Engine/Content/BasicShapes/Cone.uexp" 26
"../../../Engine/Content/ArtTools/RenderToTexture/Meshes/S_1_Unit_Plane.ubulk" 27
"../../../Engine/Content/ArtTools/RenderToTexture/Meshes/S_1_Unit_Plane.uasset" 28
"../../../Engine/Content/ArtTools/RenderToTexture/Meshes/S_1_Unit_Plane.uexp" 29
"../../../Engine/Content/EngineSounds/Master.uasset" 30
"../../../Engine/Content/EngineSounds/Master.uexp" 31
"../../../Engine/Content/Functions/Engine_MaterialFunctions01/Shading/PowerToRoughness.uasset" 32
"../../../Engine/Content/Functions/Engine_MaterialFunctions01/Shading/PowerToRoughness.uexp" 33
"../../../Engine/Content/Functions/Engine_MaterialFunctions01/Shading/ConvertFromDiffSpec.uasset" 34
"../../../Engine/Content/Functions/Engine_MaterialFunctions01/Shading/ConvertFromDiffSpec.uexp" 35
"../../../Engine/Content/EngineSky/VolumetricClouds/CloudWeatherTexture.uasset" 36
"../../../Engine/Content/EngineSky/VolumetricClouds/CloudWeatherTexture.uexp" 37
"../../../Engine/Content/Functions/Engine_MaterialFunctions02/Utility/MakeFloat2.uasset" 38
"../../../Engine/Content/Functions/Engine_MaterialFunctions02/Utility/MakeFloat2.uexp" 39
"../../../Engine/Content/EngineSky/VolumetricClouds/CloudGradientTexture.uasset" 40
"../../../Engine/Content/EngineSky/VolumetricClouds/CloudGradientTexture.uexp" 41
"../../../Engine/Content/EngineSky/VolumetricClouds/T_NoiseShape64.ubulk" 42
"../../../Engine/Content/EngineSky/VolumetricClouds/T_NoiseShape64.uasset" 43
"../../../Engine/Content/EngineSky/VolumetricClouds/T_NoiseShape64.uexp" 44
"../../../Engine/Content/EngineSky/VolumetricClouds/T_VolumeNoiseShape64.uasset" 45
"../../../Engine/Content/EngineSky/VolumetricClouds/T_VolumeNoiseShape64.uexp" 46
"../../../Engine/Content/EngineSky/VolumetricClouds/T_NoiseErosion.ubulk" 47
"../../../Engine/Content/EngineSky/VolumetricClouds/T_NoiseErosion.uasset" 48
"../../../Engine/Content/EngineSky/VolumetricClouds/T_NoiseErosion.uexp" 49
"../../../Engine/Content/EngineSky/VolumetricClouds/T_VolumeNoiseErosion32.uasset" 50
"../../../Engine/Content/EngineSky/VolumetricClouds/T_VolumeNoiseErosion32.uexp" 51
"../../../Engine/Content/EngineSky/VolumetricClouds/m_SimpleVolumetricCloud.uasset" 52
"../../../Engine/Content/EngineSky/VolumetricClouds/m_SimpleVolumetricCloud.uexp" 53
"../../../Engine/Content/EngineSky/VolumetricClouds/m_SimpleVolumetricCloud_Inst.uasset" 54
"../../../Engine/Content/EngineSky/VolumetricClouds/m_SimpleVolumetricCloud_Inst.uexp" 55
"../../../Engine/Content/EngineResources/GradientTexture0.uasset" 56
"../../../Engine/Content/EngineResources/GradientTexture0.uexp" 57
"../../../Engine/Content/EngineResources/DefaultVolumeTexture2D.uasset" 58
"../../../Engine/Content/EngineResources/DefaultVolumeTexture2D.uexp" 59
"../../../Engine/Content/EngineResources/DefaultVolumeTexture.uasset" 60
"../../../Engine/Content/EngineResources/DefaultVolumeTexture.uexp" 61
"../../../Engine/Content/EngineResources/DefaultTextureCube.uasset" 62
"../../../Engine/Content/EngineResources/DefaultTextureCube.uexp" 63
"../../../Engine/Content/EngineResources/DefaultTexture.ubulk" 64
"../../../Engine/Content/EngineResources/DefaultTexture.uasset" 65
"../../../Engine/Content/EngineResources/DefaultTexture.uexp" 66
"../../../Engine/Content/EngineResources/Black.uasset" 67
"../../../Engine/Content/EngineResources/Black.uexp" 68
"../../../Engine/Content/EngineResources/FilmGrains/Marcie_Grain_v3_128_M2_000.uasset" 69
"../../../Engine/Content/EngineResources/FilmGrains/Marcie_Grain_v3_128_M2_000.uexp" 70
"../../../Engine/Content/EngineMeshes/Sphere.ubulk" 71
"../../../Engine/Content/EngineMeshes/Sphere.uasset" 72
"../../../Engine/Content/EngineMeshes/Sphere.uexp" 73
"../../../Engine/Content/EngineResources/WhiteSquareTexture.uasset" 74
"../../../Engine/Content/EngineResources/WhiteSquareTexture.uexp" 75
"../../../Engine/Content/EngineMaterials/Widget3DPassThrough.uasset" 76
"../../../Engine/Content/EngineMaterials/Widget3DPassThrough.uexp" 77
"../../../Engine/Content/EngineMaterials/Widget3DPassThrough_Translucent.uasset" 78
"../../../Engine/Content/EngineMaterials/Widget3DPassThrough_Translucent.uexp" 79
"../../../Engine/Content/EngineMaterials/Widget3DPassThrough_Translucent_OneSided.uasset" 80
"../../../Engine/Content/EngineMaterials/Widget3DPassThrough_Translucent_OneSided.uexp" 81
"../../../Engine/Content/EngineMaterials/Widget3DPassThrough_Opaque.uasset" 82
"../../../Engine/Content/EngineMaterials/Widget3DPassThrough_Opaque.uexp" 83
"../../../Engine/Content/EngineMaterials/Widget3DPassThrough_Opaque_OneSided.uasset" 84
"../../../Engine/Content/EngineMaterials/Widget3DPassThrough_Opaque_OneSided.uexp" 85
"../../../Engine/Content/EngineMaterials/Widget3DPassThrough_Masked_OneSided.uasset" 86
"../../../Engine/Content/EngineMaterials/Widget3DPassThrough_Masked_OneSided.uexp" 87
"../../../Engine/Content/EngineMaterials/Widget3DPassThrough_Masked.uasset" 88
"../../../Engine/Content/EngineMaterials/Widget3DPassThrough_Masked.uexp" 89
"../../../Engine/Content/EngineMaterials/WeightMapPlaceholderTexture.uasset" 90
"../../../Engine/Content/EngineMaterials/WeightMapPlaceholderTexture.uexp" 91
"../../../Engine/Content/EngineMaterials/RemoveSurfaceMaterial.uasset" 92
"../../../Engine/Content/EngineMaterials/RemoveSurfaceMaterial.uexp" 93
"../../../Engine/Content/EngineMaterials/PreintegratedSkinBRDF.uasset" 94
"../../../Engine/Content/EngineMaterials/PreintegratedSkinBRDF.uexp" 95
"../../../Engine/Content/EngineMaterials/DefaultCalibrationGrayscale.uasset" 96
"../../../Engine/Content/EngineMaterials/DefaultCalibrationGrayscale.uexp" 97
"../../../Engine/Content/EngineMaterials/PPM_DefaultCalibrationGrayscale.uasset" 98
"../../../Engine/Content/EngineMaterials/PPM_DefaultCalibrationGrayscale.uexp" 99
"../../../Engine/Content/EngineMaterials/DefaultCalibrationColor.uasset" 100
"../../../Engine/Content/EngineMaterials/DefaultCalibrationColor.uexp" 101
"../../../Engine/Content/EngineMaterials/PPM_DefaultCalibrationColor.uasset" 102
"../../../Engine/Content/EngineMaterials/PPM_DefaultCalibrationColor.uexp" 103
"../../../Engine/Content/Functions/Engine_MaterialFunctions02/WorldPositionOffset/CameraOffset.uasset" 104
"../../../Engine/Content/Functions/Engine_MaterialFunctions02/WorldPositionOffset/CameraOffset.uexp" 105
"../../../Engine/Content/EngineMaterials/PhAT_JointLimitMaterial.uasset" 106
"../../../Engine/Content/EngineMaterials/PhAT_JointLimitMaterial.uexp" 107
"../../../Engine/Content/EngineMaterials/InvalidLightmapSettings.ubulk" 108
"../../../Engine/Content/EngineMaterials/InvalidLightmapSettings.uasset" 109
"../../../Engine/Content/EngineMaterials/InvalidLightmapSettings.uexp" 110
"../../../Engine/Content/EngineMaterials/M_InvalidLightmapSettings.uasset" 111
"../../../Engine/Content/EngineMaterials/M_InvalidLightmapSettings.uexp" 112
"../../../Engine/Content/EngineMaterials/MiniFont.uasset" 113
"../../../Engine/Content/EngineMaterials/MiniFont.uexp" 114
"../../../Engine/Content/EngineMaterials/Good64x64TilingNoiseHighFreq.uasset" 115
"../../../Engine/Content/EngineMaterials/Good64x64TilingNoiseHighFreq.uexp" 116
"../../../Engine/Content/EngineMaterials/GizmoMaterial.uasset" 117
"../../../Engine/Content/EngineMaterials/GizmoMaterial.uexp" 118
"../../../Engine/Content/EngineMaterials/BaseFlattenEmissiveMap_VT.uasset" 119
"../../../Engine/Content/EngineMaterials/BaseFlattenEmissiveMap_VT.uexp" 120
"../../../Engine/Content/EngineMaterials/BaseFlattenGrayscaleMap_VT.uasset" 121
"../../../Engine/Content/EngineMaterials/BaseFlattenGrayscaleMap_VT.uexp" 122
"../../../Engine/Content/EngineMaterials/BaseFlattenLinearColor_VT.uasset" 123
"../../../Engine/Content/EngineMaterials/BaseFlattenLinearColor_VT.uexp" 124
"../../../Engine/Content/EngineMaterials/Black_1x1_EXR_Texture_VT.uasset" 125
"../../../Engine/Content/EngineMaterials/Black_1x1_EXR_Texture_VT.uexp" 126
"../../../Engine/Content/EngineMaterials/BaseFlattenDiffuseMap_VT.uasset" 127
"../../../Engine/Content/EngineMaterials/BaseFlattenDiffuseMap_VT.uexp" 128
"../../../Engine/Content/EngineMaterials/BaseFlattenNormalMap_VT.uasset" 129
"../../../Engine/Content/EngineMaterials/BaseFlattenNormalMap_VT.uexp" 130
"../../../Engine/Content/EngineMaterials/FlattenMaterial_WS_Normal_VT.uasset" 131
"../../../Engine/Content/EngineMaterials/FlattenMaterial_WS_Normal_VT.uexp" 132
"../../../Engine/Content/EngineMaterials/FlattenMaterial_VT.uasset" 133
"../../../Engine/Content/EngineMaterials/FlattenMaterial_VT.uexp" 134
"../../../Engine/Content/EngineMaterials/BaseFlattenNormalMap.uasset" 135
"../../../Engine/Content/EngineMaterials/BaseFlattenNormalMap.uexp" 136
"../../../Engine/Content/EngineMaterials/BaseFlattenGrayscaleMap.uasset" 137
"../../../Engine/Content/EngineMaterials/BaseFlattenGrayscaleMap.uexp" 138
"../../../Engine/Content/EngineMaterials/BaseFlattenDiffuseMap.uasset" 139
"../../../Engine/Content/EngineMaterials/BaseFlattenDiffuseMap.uexp" 140
"../../../Engine/Content/Functions/Engine_MaterialFunctions02/PivotPainter2/Black_1x1_EXR_Texture.uasset" 141
"../../../Engine/Content/Functions/Engine_MaterialFunctions02/PivotPainter2/Black_1x1_EXR_Texture.uexp" 142
"../../../Engine/Content/EngineMaterials/BaseFlattenEmissiveMap.uasset" 143
"../../../Engine/Content/EngineMaterials/BaseFlattenEmissiveMap.uexp" 144
"../../../Engine/Content/EngineMaterials/BaseFlattenLinearColor.uasset" 145
"../../../Engine/Content/EngineMaterials/BaseFlattenLinearColor.uexp" 146
"../../../Engine/Content/EngineMaterials/FlattenMaterial.uasset" 147
"../../../Engine/Content/EngineMaterials/FlattenMaterial.uexp" 148
"../../../Engine/Content/EngineMaterials/DefaultWhiteGrid_Low.uasset" 149
"../../../Engine/Content/EngineMaterials/DefaultWhiteGrid_Low.uexp" 150
"../../../Engine/Content/EngineMaterials/EmissiveMeshMaterial.uasset" 151
"../../../Engine/Content/EngineMaterials/EmissiveMeshMaterial.uexp" 152
"../../../Engine/Content/EngineMaterials/DefaultWhiteGrid.ubulk" 153
"../../../Engine/Content/EngineMaterials/DefaultWhiteGrid.uasset" 154
"../../../Engine/Content/EngineMaterials/DefaultWhiteGrid.uexp" 155
"../../../Engine/Content/EngineFonts/RobotoDistanceField.uasset" 156
"../../../Engine/Content/EngineFonts/RobotoDistanceField.uexp" 157
"../../../Engine/Content/EngineMaterials/DefaultTextMaterialOpaque.uasset" 158
"../../../Engine/Content/EngineMaterials/DefaultTextMaterialOpaque.uexp" 159
"../../../Engine/Content/EngineMaterials/DefaultDiffuse.ubulk" 160
"../../../Engine/Content/EngineMaterials/DefaultDiffuse.uasset" 161
"../../../Engine/Content/EngineMaterials/DefaultDiffuse.uexp" 162
"../../../Engine/Content/Functions/Engine_MaterialFunctions02/Utility/BreakOutFloat2Components.uasset" 163
"../../../Engine/Content/Functions/Engine_MaterialFunctions02/Utility/BreakOutFloat2Components.uexp" 164
"../../../Engine/Content/EngineMaterials/DefaultPostProcessMaterial.uasset" 165
"../../../Engine/Content/EngineMaterials/DefaultPostProcessMaterial.uexp" 166
"../../../Engine/Content/EngineMaterials/DefaultPhysicalMaterial.uasset" 167
"../../../Engine/Content/EngineMaterials/DefaultPhysicalMaterial.uexp" 168
"../../../Engine/Content/EngineMaterials/DefaultLightFunctionMaterial.uasset" 169
"../../../Engine/Content/EngineMaterials/DefaultLightFunctionMaterial.uexp" 170
"../../../Engine/Content/EngineMaterials/DefaultDestructiblePhysicalMaterial.uasset" 171
"../../../Engine/Content/EngineMaterials/DefaultDestructiblePhysicalMaterial.uexp" 172
"../../../Engine/Content/EngineMaterials/DefaultDeferredDecalMaterial.uasset" 173
"../../../Engine/Content/EngineMaterials/DefaultDeferredDecalMaterial.uexp" 174
"../../../Engine/Content/EngineMaterials/DefaultBokeh.uasset" 175
"../../../Engine/Content/EngineMaterials/DefaultBokeh.uexp" 176
"../../../Engine/Content/EngineMaterials/DefaultBloomKernel.uasset" 177
"../../../Engine/Content/EngineMaterials/DefaultBloomKernel.uexp" 178
"../../../Engine/Content/EngineMaterials/BlueNoise.uasset" 179
"../../../Engine/Content/EngineMaterials/BlueNoise.uexp" 180
"../../../Engine/Content/EngineFonts/Faces/RobotoLight.uexp" 181
"../../../Engine/Content/EngineFonts/Faces/RobotoLight.uasset" 182
"../../../Engine/Content/EngineFonts/Faces/RobotoLight.ufont" 183
"../../../Engine/Content/EngineFonts/Faces/RobotoBold.uexp" 184
"../../../Engine/Content/EngineFonts/Faces/RobotoBold.uasset" 185
"../../../Engine/Content/EngineFonts/Faces/RobotoBold.ufont" 186
"../../../Engine/Content/EngineFonts/Faces/RobotoRegular.uexp" 187
"../../../Engine/Content/EngineFonts/Faces/RobotoRegular.uasset" 188
"../../../Engine/Content/EngineFonts/Faces/RobotoRegular.ufont" 189
"../../../Engine/Content/EngineFonts/Faces/DroidSansFallback.uexp" 190
"../../../Engine/Content/EngineFonts/Faces/DroidSansFallback.uasset" 191
"../../../Engine/Content/EngineFonts/Faces/DroidSansFallback.ufont" 192
"../../../Engine/Content/EngineFonts/Faces/RobotoItalic.uexp" 193
"../../../Engine/Content/EngineFonts/Faces/RobotoItalic.uasset" 194
"../../../Engine/Content/EngineFonts/Faces/RobotoItalic.ufont" 195
"../../../Engine/Content/EngineFonts/Faces/RobotoBoldItalic.uexp" 196
"../../../Engine/Content/EngineFonts/Faces/RobotoBoldItalic.uasset" 197
"../../../Engine/Content/EngineFonts/Faces/RobotoBoldItalic.ufont" 198
"../../../Engine/Content/EngineFonts/Roboto.uasset" 199
"../../../Engine/Content/EngineFonts/Roboto.uexp" 200
"../../../Engine/Content/Functions/Engine_MaterialFunctions02/Utility/CameraDirectionVector.uasset" 201
"../../../Engine/Content/Functions/Engine_MaterialFunctions02/Utility/CameraDirectionVector.uexp" 202
"../../../Engine/Content/EngineDebugMaterials/VolumeToRender.uasset" 203
"../../../Engine/Content/EngineDebugMaterials/VolumeToRender.uexp" 204
"../../../Engine/Content/EngineDebugMaterials/M_VolumeRenderSphereTracePP.uasset" 205
"../../../Engine/Content/EngineDebugMaterials/M_VolumeRenderSphereTracePP.uexp" 206
"../../../Engine/Content/EngineDebugMaterials/M_SimpleUnlitTranslucent.uasset" 207
"../../../Engine/Content/EngineDebugMaterials/M_SimpleUnlitTranslucent.uexp" 208
"../../../Engine/Content/EngineDebugMaterials/DebugMeshMaterial.uasset" 209
"../../../Engine/Content/EngineDebugMaterials/DebugMeshMaterial.uexp" 210
"../../../Engine/Content/EngineDebugMaterials/DebugEditorMaterial.uasset" 211
"../../../Engine/Content/EngineDebugMaterials/DebugEditorMaterial.uexp" 212
"../../../Engine/Content/EngineDamageTypes/DmgTypeBP_Environmental.uasset" 213
"../../../Engine/Content/EngineDamageTypes/DmgTypeBP_Environmental.uexp" 214
"../../../Engine/Content/EditorResources/S_TriggerSphere.uasset" 215
"../../../Engine/Content/EditorResources/S_TriggerSphere.uexp" 216
"../../../Engine/Content/EditorResources/S_TriggerCapsule.uasset" 217
"../../../Engine/Content/EditorResources/S_TriggerCapsule.uexp" 218
"../../../Engine/Content/EditorResources/S_TriggerBox.uasset" 219
"../../../Engine/Content/EditorResources/S_TriggerBox.uexp" 220
"../../../Engine/Content/EditorResources/S_Trigger.ubulk" 221
"../../../Engine/Content/EditorResources/S_Trigger.uasset" 222
"../../../Engine/Content/EditorResources/S_Trigger.uexp" 223
"../../../Engine/Content/EditorResources/S_Terrain.ubulk" 224
"../../../Engine/Content/EditorResources/S_Terrain.uasset" 225
"../../../Engine/Content/EditorResources/S_Terrain.uexp" 226
"../../../Engine/Content/EditorResources/S_Solver.ubulk" 227
"../../../Engine/Content/EditorResources/S_Solver.uasset" 228
"../../../Engine/Content/EditorResources/S_Solver.uexp" 229
"../../../Engine/Content/EditorResources/S_BoxReflectionCapture.uasset" 230
"../../../Engine/Content/EditorResources/S_BoxReflectionCapture.uexp" 231
"../../../Engine/Content/EditorResources/S_Actor.ubulk" 232
"../../../Engine/Content/EditorResources/S_Actor.uasset" 233
"../../../Engine/Content/EditorResources/S_Actor.uexp" 234
"../../../Engine/Content/EditorResources/EmptyActor.uasset" 235
"../../../Engine/Content/EditorResources/EmptyActor.uexp" 236
"../../../Engine/Content/EditorResources/BSPVertex.uasset" 237
"../../../Engine/Content/EditorResources/BSPVertex.uexp" 238
"../../../Engine/Content/EditorResources/SequenceRecorder/RecordingIndicator.uasset" 239
"../../../Engine/Content/EditorResources/SequenceRecorder/RecordingIndicator.uexp" 240
"../../../Engine/Content/EditorResources/SequenceRecorder/Countdown.uasset" 241
"../../../Engine/Content/EditorResources/SequenceRecorder/Countdown.uexp" 242
"../../../Engine/Content/EditorResources/LightIcons/S_LightError.uasset" 243
"../../../Engine/Content/EditorResources/LightIcons/S_LightError.uexp" 244
"../../../Engine/Content/EditorResources/AudioIcons/S_AudioComponent_AutoActivate.uasset" 245
"../../../Engine/Content/EditorResources/AudioIcons/S_AudioComponent_AutoActivate.uexp" 246
"../../../Engine/Content/EditorMaterials/Camera/CineMat.uasset" 247
"../../../Engine/Content/EditorMaterials/Camera/CineMat.uexp" 248
"../../../Engine/Content/EditorMaterials/Camera/MI_CineMat_Rig.uasset" 249
"../../../Engine/Content/EditorMaterials/Camera/MI_CineMat_Rig.uexp" 250
"../../../Engine/Content/EditorMeshes/Camera/SM_RailRig_Track.ubulk" 251
"../../../Engine/Content/EditorMeshes/Camera/SM_RailRig_Track.uasset" 252
"../../../Engine/Content/EditorMeshes/Camera/SM_RailRig_Track.uexp" 253
"../../../Engine/Content/EditorMeshes/Camera/SM_RailRig_Mount.ubulk" 254
"../../../Engine/Content/EditorMeshes/Camera/SM_RailRig_Mount.uasset" 255
"../../../Engine/Content/EditorMeshes/Camera/SM_RailRig_Mount.uexp" 256
"../../../Engine/Content/EditorMeshes/Camera/SM_CraneRig_Mount.ubulk" 257
"../../../Engine/Content/EditorMeshes/Camera/SM_CraneRig_Mount.uasset" 258
"../../../Engine/Content/EditorMeshes/Camera/SM_CraneRig_Mount.uexp" 259
"../../../Engine/Content/EditorMeshes/Camera/SM_CraneRig_Body.ubulk" 260
"../../../Engine/Content/EditorMeshes/Camera/SM_CraneRig_Body.uasset" 261
"../../../Engine/Content/EditorMeshes/Camera/SM_CraneRig_Body.uexp" 262
"../../../Engine/Content/EditorMeshes/Camera/SM_CraneRig_Base.ubulk" 263
"../../../Engine/Content/EditorMeshes/Camera/SM_CraneRig_Base.uasset" 264
"../../../Engine/Content/EditorMeshes/Camera/SM_CraneRig_Base.uexp" 265
"../../../Engine/Content/EditorMeshes/Camera/SM_CraneRig_Arm.ubulk" 266
"../../../Engine/Content/EditorMeshes/Camera/SM_CraneRig_Arm.uasset" 267
"../../../Engine/Content/EditorMeshes/Camera/SM_CraneRig_Arm.uexp" 268
"../../../Engine/Content/EditorMaterials/PreviewShadowIndicator.ubulk" 269
"../../../Engine/Content/EditorMaterials/PreviewShadowIndicator.uasset" 270
"../../../Engine/Content/EditorMaterials/PreviewShadowIndicator.uexp" 271
"../../../Engine/Content/EditorMaterials/PreviewShadowIndicatorMaterial.uasset" 272
"../../../Engine/Content/EditorMaterials/PreviewShadowIndicatorMaterial.uexp" 273
"../../../Engine/Content/EditorMaterials/MAT_Groups_Visibility.uasset" 274
"../../../Engine/Content/EditorMaterials/MAT_Groups_Visibility.uexp" 275
"../../../Engine/Content/EditorMaterials/MAT_Groups_Toggle.uasset" 276
"../../../Engine/Content/EditorMaterials/MAT_Groups_Toggle.uexp" 277
"../../../Engine/Content/Functions/Engine_MaterialFunctions02/Utility/MakeFloat4.uasset" 278
"../../../Engine/Content/Functions/Engine_MaterialFunctions02/Utility/MakeFloat4.uexp" 279
"../../../Engine/Content/Functions/Engine_MaterialFunctions02/Utility/MakeFloat3.uasset" 280
"../../../Engine/Content/Functions/Engine_MaterialFunctions02/Utility/MakeFloat3.uexp" 281
"../../../Engine/Content/Functions/Engine_MaterialFunctions02/Utility/BreakOutFloat3Components.uasset" 282
"../../../Engine/Content/Functions/Engine_MaterialFunctions02/Utility/BreakOutFloat3Components.uexp" 283
"../../../Engine/Content/EditorMaterials/WorldPartition/WorldPartitionSpatialHashGridPreviewMaterial.uasset" 284
"../../../Engine/Content/EditorMaterials/WorldPartition/WorldPartitionSpatialHashGridPreviewMaterial.uexp" 285
"../../../Engine/Content/EditorMaterials/ParticleSystems/PSysThumbnail_OOD.ubulk" 286
"../../../Engine/Content/EditorMaterials/ParticleSystems/PSysThumbnail_OOD.uasset" 287
"../../../Engine/Content/EditorMaterials/ParticleSystems/PSysThumbnail_OOD.uexp" 288
"../../../Engine/Content/EditorMaterials/ParticleSystems/PSysThumbnail_NoImage.ubulk" 289
"../../../Engine/Content/EditorMaterials/ParticleSystems/PSysThumbnail_NoImage.uasset" 290
"../../../Engine/Content/EditorMaterials/ParticleSystems/PSysThumbnail_NoImage.uexp" 291
"../../../Engine/Content/EditorMaterials/MatineeGroups/MAT_Groups_Vector.uasset" 292
"../../../Engine/Content/EditorMaterials/MatineeGroups/MAT_Groups_Vector.uexp" 293
"../../../Engine/Content/EditorMaterials/MatineeGroups/MAT_Groups_Sound.uasset" 294
"../../../Engine/Content/EditorMaterials/MatineeGroups/MAT_Groups_Sound.uexp" 295
"../../../Engine/Content/EditorMaterials/MatineeGroups/MAT_Groups_Slomo.uasset" 296
"../../../Engine/Content/EditorMaterials/MatineeGroups/MAT_Groups_Slomo.uexp" 297
"../../../Engine/Content/EditorMaterials/MatineeGroups/MAT_Groups_Move.uasset" 298
"../../../Engine/Content/EditorMaterials/MatineeGroups/MAT_Groups_Move.uexp" 299
"../../../Engine/Content/EditorMaterials/MatineeGroups/MAT_Groups_Float.uasset" 300
"../../../Engine/Content/EditorMaterials/MatineeGroups/MAT_Groups_Float.uexp" 301
"../../../Engine/Content/EditorMaterials/MatineeGroups/MAT_Groups_Fade.uasset" 302
"../../../Engine/Content/EditorMaterials/MatineeGroups/MAT_Groups_Fade.uexp" 303
"../../../Engine/Content/EditorMaterials/MatineeGroups/MAT_Groups_Event.uasset" 304
"../../../Engine/Content/EditorMaterials/MatineeGroups/MAT_Groups_Event.uexp" 305
"../../../Engine/Content/EditorMaterials/MatineeGroups/MAT_Groups_Director.uasset" 306
"../../../Engine/Content/EditorMaterials/MatineeGroups/MAT_Groups_Director.uexp" 307
"../../../Engine/Content/EditorMaterials/MatineeGroups/MAT_Groups_AudioMaster.uasset" 308
"../../../Engine/Content/EditorMaterials/MatineeGroups/MAT_Groups_AudioMaster.uexp" 309
"../../../Engine/Content/EditorMaterials/MatineeGroups/MAT_Groups_Anim.uasset" 310
"../../../Engine/Content/EditorMaterials/MatineeGroups/MAT_Groups_Anim.uexp" 311
"../../../Engine/Content/EditorMaterials/MatineeGroups/MAT_ColorTrack.uasset" 312
"../../../Engine/Content/EditorMaterials/MatineeGroups/MAT_ColorTrack.uexp" 313
"../../../Engine/Content/EditorLandscapeResources/DefaultAlphaTexture.uasset" 314
"../../../Engine/Content/EditorLandscapeResources/DefaultAlphaTexture.uexp" 315
"../../../Engine/Content/EditorLandscapeResources/DataLayer.uasset" 316
"../../../Engine/Content/EditorLandscapeResources/DataLayer.uexp" 317
"../../../Engine/Content/MobileResources/HUD/VirtualJoystick_Background.uasset" 318
"../../../Engine/Content/MobileResources/HUD/VirtualJoystick_Background.uexp" 319
"../../../Engine/Content/MobileResources/HUD/VirtualJoystick_Thumb.uasset" 320
"../../../Engine/Content/MobileResources/HUD/VirtualJoystick_Thumb.uexp" 321
"../../../Engine/Content/MobileResources/HUD/DefaultVirtualJoysticks.uasset" 322
"../../../Engine/Content/MobileResources/HUD/DefaultVirtualJoysticks.uexp" 323
"D:/Uni/Year4/CMP400_Honours_Project/HonoursClouds/Content/StarterContent/Audio/Starter_Wind06.ubulk" 324
"D:/Uni/Year4/CMP400_Honours_Project/HonoursClouds/Content/StarterContent/Audio/Starter_Wind06.uasset" 325
"D:/Uni/Year4/CMP400_Honours_Project/HonoursClouds/Content/StarterContent/Audio/Starter_Wind06.uexp" 326
"D:/Uni/Year4/CMP400_Honours_Project/HonoursClouds/Content/StarterContent/Audio/Starter_Wind05.ubulk" 327
"D:/Uni/Year4/CMP400_Honours_Project/HonoursClouds/Content/StarterContent/Audio/Starter_Wind05.uasset" 328
"D:/Uni/Year4/CMP400_Honours_Project/HonoursClouds/Content/StarterContent/Audio/Starter_Wind05.uexp" 329
"D:/Uni/Year4/CMP400_Honours_Project/HonoursClouds/Content/StarterContent/Audio/Starter_Birds01.ubulk" 330
"D:/Uni/Year4/CMP400_Honours_Project/HonoursClouds/Content/StarterContent/Audio/Starter_Birds01.uasset" 331
"D:/Uni/Year4/CMP400_Honours_Project/HonoursClouds/Content/StarterContent/Audio/Starter_Birds01.uexp" 332
"../../../Engine/Plugins/Runtime/HairStrands/Content/Materials/HairMeshesDefaultMaterial.uasset" 333
"../../../Engine/Plugins/Runtime/HairStrands/Content/Materials/HairMeshesDefaultMaterial.uexp" 334
"../../../Engine/Plugins/Runtime/HairStrands/Content/Materials/HairDefaultMaterial.uasset" 335
"../../../Engine/Plugins/Runtime/HairStrands/Content/Materials/HairDefaultMaterial.uexp" 336
"../../../Engine/Plugins/Runtime/HairStrands/Content/Materials/HairGroupColors.uasset" 337
"../../../Engine/Plugins/Runtime/HairStrands/Content/Materials/HairGroupColors.uexp" 338
"../../../Engine/Content/EngineMaterials/HairColorMap.uasset" 339
"../../../Engine/Content/EngineMaterials/HairColorMap.uexp" 340
"../../../Engine/Content/EngineMaterials/HairDebugColor.uasset" 341
"../../../Engine/Content/EngineMaterials/HairDebugColor.uexp" 342
"../../../Engine/Plugins/Runtime/HairStrands/Content/Materials/HairDebugMaterial.uasset" 343
"../../../Engine/Plugins/Runtime/HairStrands/Content/Materials/HairDebugMaterial.uexp" 344
"../../../Engine/Plugins/Runtime/HairStrands/Content/Materials/HairCardsDefaultMaterial.uasset" 345
"../../../Engine/Plugins/Runtime/HairStrands/Content/Materials/HairCardsDefaultMaterial.uexp" 346
"../../../Engine/Plugins/Editor/SpeedTreeImporter/Content/SpeedTree9/game_wind_noise.ubulk" 347
"../../../Engine/Plugins/Editor/SpeedTreeImporter/Content/SpeedTree9/game_wind_noise.uasset" 348
"../../../Engine/Plugins/Editor/SpeedTreeImporter/Content/SpeedTree9/game_wind_noise.uexp" 349
"../../../Engine/Plugins/Editor/SpeedTreeImporter/Content/SpeedTree9/UnpackDirection.uasset" 350
"../../../Engine/Plugins/Editor/SpeedTreeImporter/Content/SpeedTree9/UnpackDirection.uexp" 351
"../../../Engine/Content/Functions/Engine_MaterialFunctions02/ObjectLocalBounds.uasset" 352
"../../../Engine/Content/Functions/Engine_MaterialFunctions02/ObjectLocalBounds.uexp" 353
"../../../Engine/Content/Functions/Engine_MaterialFunctions02/UVs/BoundingBoxBased_0-1_UVW.uasset" 354
"../../../Engine/Content/Functions/Engine_MaterialFunctions02/UVs/BoundingBoxBased_0-1_UVW.uexp" 355
"../../../Engine/Content/Functions/Engine_MaterialFunctions02/Utility/VectorLength.uasset" 356
"../../../Engine/Content/Functions/Engine_MaterialFunctions02/Utility/VectorLength.uexp" 357
"../../../Engine/Plugins/Editor/SpeedTreeImporter/Content/SpeedTree9/UnpackInteger3.uasset" 358
"../../../Engine/Plugins/Editor/SpeedTreeImporter/Content/SpeedTree9/UnpackInteger3.uexp" 359
"../../../Engine/Plugins/Editor/SpeedTreeImporter/Content/SpeedTree9/SpeedTreeCameraFacing.uasset" 360
"../../../Engine/Plugins/Editor/SpeedTreeImporter/Content/SpeedTree9/SpeedTreeCameraFacing.uexp" 361
"../../../Engine/Content/Functions/Engine_MaterialFunctions02/WorldPositionOffset/ObjectScale.uasset" 362
"../../../Engine/Content/Functions/Engine_MaterialFunctions02/WorldPositionOffset/ObjectScale.uexp" 363
"../../../Engine/Content/Functions/Engine_MaterialFunctions02/SafeNormalize.uasset" 364
"../../../Engine/Content/Functions/Engine_MaterialFunctions02/SafeNormalize.uexp" 365
"../../../Engine/Plugins/Editor/SpeedTreeImporter/Content/SpeedTree9/SpeedTreeWindMotion.uasset" 366
"../../../Engine/Plugins/Editor/SpeedTreeImporter/Content/SpeedTree9/SpeedTreeWindMotion.uexp" 367
"../../../Engine/Plugins/Editor/SpeedTreeImporter/Content/SpeedTree9/SpeedTreeBranchMotion.uasset" 368
"../../../Engine/Plugins/Editor/SpeedTreeImporter/Content/SpeedTree9/SpeedTreeBranchMotion.uexp" 369
"../../../Engine/Plugins/Editor/SpeedTreeImporter/Content/SpeedTree9/SpeedTreeWind.uasset" 370
"../../../Engine/Plugins/Editor/SpeedTreeImporter/Content/SpeedTree9/SpeedTreeWind.uexp" 371
"../../../Engine/Plugins/Editor/SpeedTreeImporter/Content/SpeedTree9/EmptyNormal.uasset" 372
"../../../Engine/Plugins/Editor/SpeedTreeImporter/Content/SpeedTree9/EmptyNormal.uexp" 373
"../../../Engine/Plugins/Editor/SpeedTreeImporter/Content/SpeedTree9/Empty.uasset" 374
"../../../Engine/Plugins/Editor/SpeedTreeImporter/Content/SpeedTree9/Empty.uexp" 375
"../../../Engine/Plugins/Editor/SpeedTreeImporter/Content/SpeedTree9/SpeedTreeMaster.uasset" 376
"../../../Engine/Plugins/Editor/SpeedTreeImporter/Content/SpeedTree9/SpeedTreeMaster.uexp" 377
"../../../Engine/Plugins/Editor/SpeedTreeImporter/Content/SpeedTree9/SpeedTreeBillboard.uasset" 378
"../../../Engine/Plugins/Editor/SpeedTreeImporter/Content/SpeedTree9/SpeedTreeBillboard.uexp" 379
"../../../Engine/Plugins/Editor/SpeedTreeImporter/Content/SpeedTree9/SpeedTreeBillboardMaster.uasset" 380
"../../../Engine/Plugins/Editor/SpeedTreeImporter/Content/SpeedTree9/SpeedTreeBillboardMaster.uexp" 381
"../../../Engine/Plugins/Animation/ControlRig/Content/M_Manip.uasset" 382
"../../../Engine/Plugins/Animation/ControlRig/Content/M_Manip.uexp" 383
"../../../Engine/Plugins/Animation/ControlRig/Content/Controls/DefaultGizmoLibraryNormalized.uasset" 384
"../../../Engine/Plugins/Animation/ControlRig/Content/Controls/DefaultGizmoLibraryNormalized.uexp" 385
"../../../Engine/Plugins/Animation/ControlRig/Content/Controls/ControlRig_Wedge_solid.ubulk" 386
"../../../Engine/Plugins/Animation/ControlRig/Content/Controls/ControlRig_Wedge_solid.uasset" 387
"../../../Engine/Plugins/Animation/ControlRig/Content/Controls/ControlRig_Wedge_solid.uexp" 388
"../../../Engine/Plugins/Animation/ControlRig/Content/Controls/ControlRig_Wedge_3mm.ubulk" 389
"../../../Engine/Plugins/Animation/ControlRig/Content/Controls/ControlRig_Wedge_3mm.uasset" 390
"../../../Engine/Plugins/Animation/ControlRig/Content/Controls/ControlRig_Wedge_3mm.uexp" 391
"../../../Engine/Plugins/Animation/ControlRig/Content/Controls/ControlRig_Wedge_1mm.ubulk" 392
"../../../Engine/Plugins/Animation/ControlRig/Content/Controls/ControlRig_Wedge_1mm.uasset" 393
"../../../Engine/Plugins/Animation/ControlRig/Content/Controls/ControlRig_Wedge_1mm.uexp" 394
"../../../Engine/Plugins/Animation/ControlRig/Content/Controls/ControlRig_Triangle_solid.ubulk" 395
"../../../Engine/Plugins/Animation/ControlRig/Content/Controls/ControlRig_Triangle_solid.uasset" 396
"../../../Engine/Plugins/Animation/ControlRig/Content/Controls/ControlRig_Triangle_solid.uexp" 397
"../../../Engine/Plugins/Animation/ControlRig/Content/Controls/ControlRig_Triangle_3mm.ubulk" 398
"../../../Engine/Plugins/Animation/ControlRig/Content/Controls/ControlRig_Triangle_3mm.uasset" 399
"../../../Engine/Plugins/Animation/ControlRig/Content/Controls/ControlRig_Triangle_3mm.uexp" 400
"../../../Engine/Plugins/Animation/ControlRig/Content/Controls/ControlRig_Triangle_1mm.ubulk" 401
"../../../Engine/Plugins/Animation/ControlRig/Content/Controls/ControlRig_Triangle_1mm.uasset" 402
"../../../Engine/Plugins/Animation/ControlRig/Content/Controls/ControlRig_Triangle_1mm.uexp" 403
"../../../Engine/Plugins/Animation/ControlRig/Content/Controls/ControlRig_Star4_solid.ubulk" 404
"../../../Engine/Plugins/Animation/ControlRig/Content/Controls/ControlRig_Star4_solid.uasset" 405
"../../../Engine/Plugins/Animation/ControlRig/Content/Controls/ControlRig_Star4_solid.uexp" 406
"../../../Engine/Plugins/Animation/ControlRig/Content/Controls/ControlRig_Star4_3mm.ubulk" 407
"../../../Engine/Plugins/Animation/ControlRig/Content/Controls/ControlRig_Star4_3mm.uasset" 408
"../../../Engine/Plugins/Animation/ControlRig/Content/Controls/ControlRig_Star4_3mm.uexp" 409
"../../../Engine/Plugins/Animation/ControlRig/Content/Controls/ControlRig_Star4_1mm.ubulk" 410
"../../../Engine/Plugins/Animation/ControlRig/Content/Controls/ControlRig_Star4_1mm.uasset" 411
"../../../Engine/Plugins/Animation/ControlRig/Content/Controls/ControlRig_Star4_1mm.uexp" 412
"../../../Engine/Plugins/Animation/ControlRig/Content/Controls/ControlRig_Square_solid.ubulk" 413
"../../../Engine/Plugins/Animation/ControlRig/Content/Controls/ControlRig_Square_solid.uasset" 414
"../../../Engine/Plugins/Animation/ControlRig/Content/Controls/ControlRig_Square_solid.uexp" 415
"../../../Engine/Plugins/Animation/ControlRig/Content/Controls/ControlRig_Square_3mm.ubulk" 416
"../../../Engine/Plugins/Animation/ControlRig/Content/Controls/ControlRig_Square_3mm.uasset" 417
"../../../Engine/Plugins/Animation/ControlRig/Content/Controls/ControlRig_Square_3mm.uexp" 418
"../../../Engine/Plugins/Animation/ControlRig/Content/Controls/ControlRig_Square_1mm.ubulk" 419
"../../../Engine/Plugins/Animation/ControlRig/Content/Controls/ControlRig_Square_1mm.uasset" 420
"../../../Engine/Plugins/Animation/ControlRig/Content/Controls/ControlRig_Square_1mm.uexp" 421
"../../../Engine/Plugins/Animation/ControlRig/Content/Controls/ControlRig_Sphere_solid.ubulk" 422
"../../../Engine/Plugins/Animation/ControlRig/Content/Controls/ControlRig_Sphere_solid.uasset" 423
"../../../Engine/Plugins/Animation/ControlRig/Content/Controls/ControlRig_Sphere_solid.uexp" 424
"../../../Engine/Plugins/Animation/ControlRig/Content/Controls/ControlRig_Sphere_3mm.ubulk" 425
"../../../Engine/Plugins/Animation/ControlRig/Content/Controls/ControlRig_Sphere_3mm.uasset" 426
"../../../Engine/Plugins/Animation/ControlRig/Content/Controls/ControlRig_Sphere_3mm.uexp" 427
"../../../Engine/Plugins/Animation/ControlRig/Content/Controls/ControlRig_Sphere_1mm.ubulk" 428
"../../../Engine/Plugins/Animation/ControlRig/Content/Controls/ControlRig_Sphere_1mm.uasset" 429
"../../../Engine/Plugins/Animation/ControlRig/Content/Controls/ControlRig_Sphere_1mm.uexp" 430
"../../../Engine/Plugins/Animation/ControlRig/Content/Controls/ControlRig_RoundedTriangle_solid.ubulk" 431
"../../../Engine/Plugins/Animation/ControlRig/Content/Controls/ControlRig_RoundedTriangle_solid.uasset" 432
"../../../Engine/Plugins/Animation/ControlRig/Content/Controls/ControlRig_RoundedTriangle_solid.uexp" 433
"../../../Engine/Plugins/Animation/ControlRig/Content/Controls/ControlRig_RoundedTriangle_3mm.ubulk" 434
"../../../Engine/Plugins/Animation/ControlRig/Content/Controls/ControlRig_RoundedTriangle_3mm.uasset" 435
"../../../Engine/Plugins/Animation/ControlRig/Content/Controls/ControlRig_RoundedTriangle_3mm.uexp" 436
"../../../Engine/Plugins/Animation/ControlRig/Content/Controls/ControlRig_RoundedTriangle_1mm.ubulk" 437
"../../../Engine/Plugins/Animation/ControlRig/Content/Controls/ControlRig_RoundedTriangle_1mm.uasset" 438
"../../../Engine/Plugins/Animation/ControlRig/Content/Controls/ControlRig_RoundedTriangle_1mm.uexp" 439
"../../../Engine/Plugins/Animation/ControlRig/Content/Controls/ControlRig_RoundedSquare_solid.ubulk" 440
"../../../Engine/Plugins/Animation/ControlRig/Content/Controls/ControlRig_RoundedSquare_solid.uasset" 441
"../../../Engine/Plugins/Animation/ControlRig/Content/Controls/ControlRig_RoundedSquare_solid.uexp" 442
"../../../Engine/Plugins/Animation/ControlRig/Content/Controls/ControlRig_RoundedSquare_3mm.ubulk" 443
"../../../Engine/Plugins/Animation/ControlRig/Content/Controls/ControlRig_RoundedSquare_3mm.uasset" 444
"../../../Engine/Plugins/Animation/ControlRig/Content/Controls/ControlRig_RoundedSquare_3mm.uexp" 445
"../../../Engine/Plugins/Animation/ControlRig/Content/Controls/ControlRig_RoundedSquare_1mm.ubulk" 446
"../../../Engine/Plugins/Animation/ControlRig/Content/Controls/ControlRig_RoundedSquare_1mm.uasset" 447
"../../../Engine/Plugins/Animation/ControlRig/Content/Controls/ControlRig_RoundedSquare_1mm.uexp" 448
"../../../Engine/Plugins/Animation/ControlRig/Content/Controls/ControlRig_QuarterCircle_solid.ubulk" 449
"../../../Engine/Plugins/Animation/ControlRig/Content/Controls/ControlRig_QuarterCircle_solid.uasset" 450
"../../../Engine/Plugins/Animation/ControlRig/Content/Controls/ControlRig_QuarterCircle_solid.uexp" 451
"../../../Engine/Plugins/Animation/ControlRig/Content/Controls/ControlRig_QuarterCircle_3mm.ubulk" 452
"../../../Engine/Plugins/Animation/ControlRig/Content/Controls/ControlRig_QuarterCircle_3mm.uasset" 453
"../../../Engine/Plugins/Animation/ControlRig/Content/Controls/ControlRig_QuarterCircle_3mm.uexp" 454
"../../../Engine/Plugins/Animation/ControlRig/Content/Controls/ControlRig_QuarterCircle_1mm.ubulk" 455
"../../../Engine/Plugins/Animation/ControlRig/Content/Controls/ControlRig_QuarterCircle_1mm.uasset" 456
"../../../Engine/Plugins/Animation/ControlRig/Content/Controls/ControlRig_QuarterCircle_1mm.uexp" 457
"../../../Engine/Plugins/Animation/ControlRig/Content/Controls/ControlRig_Pyramid_solid.ubulk" 458
"../../../Engine/Plugins/Animation/ControlRig/Content/Controls/ControlRig_Pyramid_solid.uasset" 459
"../../../Engine/Plugins/Animation/ControlRig/Content/Controls/ControlRig_Pyramid_solid.uexp" 460
"../../../Engine/Plugins/Animation/ControlRig/Content/Controls/ControlRig_Pyramid_3mm.ubulk" 461
"../../../Engine/Plugins/Animation/ControlRig/Content/Controls/ControlRig_Pyramid_3mm.uasset" 462
"../../../Engine/Plugins/Animation/ControlRig/Content/Controls/ControlRig_Pyramid_3mm.uexp" 463
"../../../Engine/Plugins/Animation/ControlRig/Content/Controls/ControlRig_Pyramid_1mm.ubulk" 464
"../../../Engine/Plugins/Animation/ControlRig/Content/Controls/ControlRig_Pyramid_1mm.uasset" 465
"../../../Engine/Plugins/Animation/ControlRig/Content/Controls/ControlRig_Pyramid_1mm.uexp" 466
"../../../Engine/Plugins/Animation/ControlRig/Content/Controls/ControlRig_Octagon_solid.ubulk" 467
"../../../Engine/Plugins/Animation/ControlRig/Content/Controls/ControlRig_Octagon_solid.uasset" 468
"../../../Engine/Plugins/Animation/ControlRig/Content/Controls/ControlRig_Octagon_solid.uexp" 469
"../../../Engine/Plugins/Animation/ControlRig/Content/Controls/ControlRig_Octagon_3mm.ubulk" 470
"../../../Engine/Plugins/Animation/ControlRig/Content/Controls/ControlRig_Octagon_3mm.uasset" 471
"../../../Engine/Plugins/Animation/ControlRig/Content/Controls/ControlRig_Octagon_3mm.uexp" 472
"../../../Engine/Plugins/Animation/ControlRig/Content/Controls/ControlRig_Octagon_1mm.ubulk" 473
"../../../Engine/Plugins/Animation/ControlRig/Content/Controls/ControlRig_Octagon_1mm.uasset" 474
"../../../Engine/Plugins/Animation/ControlRig/Content/Controls/ControlRig_Octagon_1mm.uexp" 475
"../../../Engine/Plugins/Animation/ControlRig/Content/Controls/ControlRig_Hexagon_solid.ubulk" 476
"../../../Engine/Plugins/Animation/ControlRig/Content/Controls/ControlRig_Hexagon_solid.uasset" 477
"../../../Engine/Plugins/Animation/ControlRig/Content/Controls/ControlRig_Hexagon_solid.uexp" 478
"../../../Engine/Plugins/Animation/ControlRig/Content/Controls/ControlRig_Hexagon_3mm.ubulk" 479
"../../../Engine/Plugins/Animation/ControlRig/Content/Controls/ControlRig_Hexagon_3mm.uasset" 480
"../../../Engine/Plugins/Animation/ControlRig/Content/Controls/ControlRig_Hexagon_3mm.uexp" 481
"../../../Engine/Plugins/Animation/ControlRig/Content/Controls/ControlRig_Hexagon_1mm.ubulk" 482
"../../../Engine/Plugins/Animation/ControlRig/Content/Controls/ControlRig_Hexagon_1mm.uasset" 483
"../../../Engine/Plugins/Animation/ControlRig/Content/Controls/ControlRig_Hexagon_1mm.uexp" 484
"../../../Engine/Plugins/Animation/ControlRig/Content/Controls/ControlRig_HalfCircle_solid.ubulk" 485
"../../../Engine/Plugins/Animation/ControlRig/Content/Controls/ControlRig_HalfCircle_solid.uasset" 486
"../../../Engine/Plugins/Animation/ControlRig/Content/Controls/ControlRig_HalfCircle_solid.uexp" 487
"../../../Engine/Plugins/Animation/ControlRig/Content/Controls/ControlRig_HalfCircle_3mm.ubulk" 488
"../../../Engine/Plugins/Animation/ControlRig/Content/Controls/ControlRig_HalfCircle_3mm.uasset" 489
"../../../Engine/Plugins/Animation/ControlRig/Content/Controls/ControlRig_HalfCircle_3mm.uexp" 490
"../../../Engine/Plugins/Animation/ControlRig/Content/Controls/ControlRig_HalfCircle_1mm.ubulk" 491
"../../../Engine/Plugins/Animation/ControlRig/Content/Controls/ControlRig_HalfCircle_1mm.uasset" 492
"../../../Engine/Plugins/Animation/ControlRig/Content/Controls/ControlRig_HalfCircle_1mm.uexp" 493
"../../../Engine/Plugins/Animation/ControlRig/Content/Controls/ControlRig_Diamond_solid.ubulk" 494
"../../../Engine/Plugins/Animation/ControlRig/Content/Controls/ControlRig_Diamond_solid.uasset" 495
"../../../Engine/Plugins/Animation/ControlRig/Content/Controls/ControlRig_Diamond_solid.uexp" 496
"../../../Engine/Plugins/Animation/ControlRig/Content/Controls/ControlRig_Diamond_3mm.ubulk" 497
"../../../Engine/Plugins/Animation/ControlRig/Content/Controls/ControlRig_Diamond_3mm.uasset" 498
"../../../Engine/Plugins/Animation/ControlRig/Content/Controls/ControlRig_Diamond_3mm.uexp" 499
"../../../Engine/Plugins/Animation/ControlRig/Content/Controls/ControlRig_Diamond_1mm.ubulk" 500
"../../../Engine/Plugins/Animation/ControlRig/Content/Controls/ControlRig_Diamond_1mm.uasset" 501
"../../../Engine/Plugins/Animation/ControlRig/Content/Controls/ControlRig_Diamond_1mm.uexp" 502
"../../../Engine/Plugins/Animation/ControlRig/Content/Controls/ControlRig_Circle_solid.ubulk" 503
"../../../Engine/Plugins/Animation/ControlRig/Content/Controls/ControlRig_Circle_solid.uasset" 504
"../../../Engine/Plugins/Animation/ControlRig/Content/Controls/ControlRig_Circle_solid.uexp" 505
"../../../Engine/Plugins/Animation/ControlRig/Content/Controls/ControlRig_Circle_3mm.ubulk" 506
"../../../Engine/Plugins/Animation/ControlRig/Content/Controls/ControlRig_Circle_3mm.uasset" 507
"../../../Engine/Plugins/Animation/ControlRig/Content/Controls/ControlRig_Circle_3mm.uexp" 508
"../../../Engine/Plugins/Animation/ControlRig/Content/Controls/ControlRig_Circle_1mm.ubulk" 509
"../../../Engine/Plugins/Animation/ControlRig/Content/Controls/ControlRig_Circle_1mm.uasset" 510
"../../../Engine/Plugins/Animation/ControlRig/Content/Controls/ControlRig_Circle_1mm.uexp" 511
"../../../Engine/Plugins/Animation/ControlRig/Content/Controls/ControlRig_Box_solid.ubulk" 512
"../../../Engine/Plugins/Animation/ControlRig/Content/Controls/ControlRig_Box_solid.uasset" 513
"../../../Engine/Plugins/Animation/ControlRig/Content/Controls/ControlRig_Box_solid.uexp" 514
"../../../Engine/Plugins/Animation/ControlRig/Content/Controls/ControlRig_Box_3mm.ubulk" 515
"../../../Engine/Plugins/Animation/ControlRig/Content/Controls/ControlRig_Box_3mm.uasset" 516
"../../../Engine/Plugins/Animation/ControlRig/Content/Controls/ControlRig_Box_3mm.uexp" 517
"../../../Engine/Plugins/Animation/ControlRig/Content/Controls/ControlRig_Box_1mm.ubulk" 518
"../../../Engine/Plugins/Animation/ControlRig/Content/Controls/ControlRig_Box_1mm.uasset" 519
"../../../Engine/Plugins/Animation/ControlRig/Content/Controls/ControlRig_Box_1mm.uexp" 520
"../../../Engine/Plugins/Animation/ControlRig/Content/Controls/ControlRig_Arrow_solid.ubulk" 521
"../../../Engine/Plugins/Animation/ControlRig/Content/Controls/ControlRig_Arrow_solid.uasset" 522
"../../../Engine/Plugins/Animation/ControlRig/Content/Controls/ControlRig_Arrow_solid.uexp" 523
"../../../Engine/Plugins/Animation/ControlRig/Content/Controls/ControlRig_Arrow_3mm.ubulk" 524
"../../../Engine/Plugins/Animation/ControlRig/Content/Controls/ControlRig_Arrow_3mm.uasset" 525
"../../../Engine/Plugins/Animation/ControlRig/Content/Controls/ControlRig_Arrow_3mm.uexp" 526
"../../../Engine/Plugins/Animation/ControlRig/Content/Controls/ControlRig_Arrow_1mm.ubulk" 527
"../../../Engine/Plugins/Animation/ControlRig/Content/Controls/ControlRig_Arrow_1mm.uasset" 528
"../../../Engine/Plugins/Animation/ControlRig/Content/Controls/ControlRig_Arrow_1mm.uexp" 529
"../../../Engine/Plugins/Animation/ControlRig/Content/Controls/ControlRig_Arrow4_solid.ubulk" 530
"../../../Engine/Plugins/Animation/ControlRig/Content/Controls/ControlRig_Arrow4_solid.uasset" 531
"../../../Engine/Plugins/Animation/ControlRig/Content/Controls/ControlRig_Arrow4_solid.uexp" 532
"../../../Engine/Plugins/Animation/ControlRig/Content/Controls/ControlRig_Arrow4_3mm.ubulk" 533
"../../../Engine/Plugins/Animation/ControlRig/Content/Controls/ControlRig_Arrow4_3mm.uasset" 534
"../../../Engine/Plugins/Animation/ControlRig/Content/Controls/ControlRig_Arrow4_3mm.uexp" 535
"../../../Engine/Plugins/Animation/ControlRig/Content/Controls/ControlRig_Arrow4_1mm.ubulk" 536
"../../../Engine/Plugins/Animation/ControlRig/Content/Controls/ControlRig_Arrow4_1mm.uasset" 537
"../../../Engine/Plugins/Animation/ControlRig/Content/Controls/ControlRig_Arrow4_1mm.uexp" 538
"../../../Engine/Plugins/Animation/ControlRig/Content/Controls/ControlRig_Arrow2_solid.ubulk" 539
"../../../Engine/Plugins/Animation/ControlRig/Content/Controls/ControlRig_Arrow2_solid.uasset" 540
"../../../Engine/Plugins/Animation/ControlRig/Content/Controls/ControlRig_Arrow2_solid.uexp" 541
"../../../Engine/Plugins/Animation/ControlRig/Content/Controls/ControlRig_Arrow2_3mm.ubulk" 542
"../../../Engine/Plugins/Animation/ControlRig/Content/Controls/ControlRig_Arrow2_3mm.uasset" 543
"../../../Engine/Plugins/Animation/ControlRig/Content/Controls/ControlRig_Arrow2_3mm.uexp" 544
"../../../Engine/Plugins/Animation/ControlRig/Content/Controls/ControlRig_Arrow2_1mm.ubulk" 545
"../../../Engine/Plugins/Animation/ControlRig/Content/Controls/ControlRig_Arrow2_1mm.uasset" 546
"../../../Engine/Plugins/Animation/ControlRig/Content/Controls/ControlRig_Arrow2_1mm.uexp" 547
"../../../Engine/Plugins/Animation/ControlRig/Content/Controls/ControlRigGizmoMaterial.uasset" 548
"../../../Engine/Plugins/Animation/ControlRig/Content/Controls/ControlRigGizmoMaterial.uexp" 549
"../../../Engine/Plugins/2D/Paper2D/Content/PlaceholderTextures/DummySpriteTexture.ubulk" 550
"../../../Engine/Plugins/2D/Paper2D/Content/PlaceholderTextures/DummySpriteTexture.uasset" 551
"../../../Engine/Plugins/2D/Paper2D/Content/PlaceholderTextures/DummySpriteTexture.uexp" 552
"../../../Engine/Plugins/2D/Paper2D/Content/DefaultSpriteMaterial.uasset" 553
"../../../Engine/Plugins/2D/Paper2D/Content/DefaultSpriteMaterial.uexp" 554
"../../../Engine/Plugins/2D/Paper2D/Content/OpaqueUnlitSpriteMaterial.uasset" 555
"../../../Engine/Plugins/2D/Paper2D/Content/OpaqueUnlitSpriteMaterial.uexp" 556
"../../../Engine/Plugins/2D/Paper2D/Content/MaskedUnlitSpriteMaterial.uasset" 557
"../../../Engine/Plugins/2D/Paper2D/Content/MaskedUnlitSpriteMaterial.uexp" 558
"../../../Engine/Plugins/2D/Paper2D/Content/DummySprite.uasset" 559
"../../../Engine/Plugins/2D/Paper2D/Content/DummySprite.uexp" 560
"../../../Engine/Plugins/2D/Paper2D/Content/DefaultPaperTerrainMaterial.uasset" 561
"../../../Engine/Plugins/2D/Paper2D/Content/DefaultPaperTerrainMaterial.uexp" 562
"../../../Engine/Content/VREditor/TransformGizmo/Main.uasset" 563
"../../../Engine/Content/VREditor/TransformGizmo/Main.uexp" 564
"../../../Engine/Content/VREditor/TransformGizmo/Xray.uasset" 565
"../../../Engine/Content/VREditor/TransformGizmo/Xray.uexp" 566
"../../../Engine/Content/VREditor/TransformGizmo/SM_Sequencer_Node.ubulk" 567
"../../../Engine/Content/VREditor/TransformGizmo/SM_Sequencer_Node.uasset" 568
"../../../Engine/Content/VREditor/TransformGizmo/SM_Sequencer_Node.uexp" 569
"../../../Engine/Content/VREditor/LaserPointer/VR_LaserPower_01.ubulk" 570
"../../../Engine/Content/VREditor/LaserPointer/VR_LaserPower_01.uasset" 571
"../../../Engine/Content/VREditor/LaserPointer/VR_LaserPower_01.uexp" 572
"../../../Engine/Content/VREditor/TransformGizmo/TransformGizmoMaterial.uasset" 573
"../../../Engine/Content/VREditor/TransformGizmo/TransformGizmoMaterial.uexp" 574
"../../../Engine/Content/VREditor/TransformGizmo/TranslucentTransformGizmoMaterial.uasset" 575
"../../../Engine/Content/VREditor/TransformGizmo/TranslucentTransformGizmoMaterial.uexp" 576
"../../../Engine/Content/VREditor/TransformGizmo/PlaneTranslationHandle.ubulk" 577
"../../../Engine/Content/VREditor/TransformGizmo/PlaneTranslationHandle.uasset" 578
"../../../Engine/Content/VREditor/TransformGizmo/PlaneTranslationHandle.uexp" 579
"../../../Engine/Content/VREditor/TransformGizmo/BoundingBoxEdge.ubulk" 580
"../../../Engine/Content/VREditor/TransformGizmo/BoundingBoxEdge.uasset" 581
"../../../Engine/Content/VREditor/TransformGizmo/BoundingBoxEdge.uexp" 582
"../../../Engine/Content/VREditor/TransformGizmo/BoundingBoxCorner.ubulk" 583
"../../../Engine/Content/VREditor/TransformGizmo/BoundingBoxCorner.uasset" 584
"../../../Engine/Content/VREditor/TransformGizmo/BoundingBoxCorner.uexp" 585
"../../../Engine/Content/Tutorial/ContentIntroCurve.uasset" 586
"../../../Engine/Content/Tutorial/ContentIntroCurve.uexp" 587
"../../../Engine/Content/Maps/Entry_BuiltData.uasset" 588
"../../../Engine/Content/Maps/Entry_BuiltData.uexp" 589
"../../../Engine/Content/Maps/Entry.uexp" 590
"../../../Engine/Content/Maps/Entry.umap" 591
"D:/Uni/Year4/CMP400_Honours_Project/HonoursClouds/Content/StarterContent/Maps/Minimal_Default_BuiltData.ubulk" 592
"D:/Uni/Year4/CMP400_Honours_Project/HonoursClouds/Content/StarterContent/Maps/Minimal_Default_BuiltData.uasset" 593
"D:/Uni/Year4/CMP400_Honours_Project/HonoursClouds/Content/StarterContent/Maps/Minimal_Default_BuiltData.uexp" 594
"D:/Uni/Year4/CMP400_Honours_Project/HonoursClouds/Content/StarterContent/Materials/M_Basic_Floor.uasset" 595
"D:/Uni/Year4/CMP400_Honours_Project/HonoursClouds/Content/StarterContent/Materials/M_Basic_Floor.uexp" 596
"D:/Uni/Year4/CMP400_Honours_Project/HonoursClouds/Content/StarterContent/Architecture/Floor_400x400.ubulk" 597
"D:/Uni/Year4/CMP400_Honours_Project/HonoursClouds/Content/StarterContent/Architecture/Floor_400x400.uasset" 598
"D:/Uni/Year4/CMP400_Honours_Project/HonoursClouds/Content/StarterContent/Architecture/Floor_400x400.uexp" 599
"../../../Engine/Plugins/Experimental/Volumetrics/Content/Content/VolumeTextures/Textures/T_Tiling_VoronoiNoise_256.uasset" 600
"../../../Engine/Plugins/Experimental/Volumetrics/Content/Content/VolumeTextures/Textures/T_Tiling_VoronoiNoise_256.uexp" 601
"../../../Engine/Plugins/Experimental/Volumetrics/Content/Content/VolumeTextures/Textures/VT_Voronoi.uasset" 602
"../../../Engine/Plugins/Experimental/Volumetrics/Content/Content/VolumeTextures/Textures/VT_Voronoi.uexp" 603
"../../../Engine/Content/Functions/Engine_MaterialFunctions02/SplitComponents.uasset" 604
"../../../Engine/Content/Functions/Engine_MaterialFunctions02/SplitComponents.uexp" 605
"../../../Engine/Content/Functions/Engine_MaterialFunctions02/ExampleContent/Greyscale.ubulk" 606
"../../../Engine/Content/Functions/Engine_MaterialFunctions02/ExampleContent/Greyscale.uasset" 607
"../../../Engine/Content/Functions/Engine_MaterialFunctions02/ExampleContent/Greyscale.uexp" 608
"../../../Engine/Plugins/Bridge/Content/MSPresets/M_MS_Glass_Material/Textures/White.ubulk" 609
"../../../Engine/Plugins/Bridge/Content/MSPresets/M_MS_Glass_Material/Textures/White.uasset" 610
"../../../Engine/Plugins/Bridge/Content/MSPresets/M_MS_Glass_Material/Textures/White.uexp" 611
"../../../Engine/Plugins/Experimental/Volumetrics/Content/Content/VolumeTextures/Textures/T_Diamond_Volume.uasset" 612
"../../../Engine/Plugins/Experimental/Volumetrics/Content/Content/VolumeTextures/Textures/T_Diamond_Volume.uexp" 613
"D:/Uni/Year4/CMP400_Honours_Project/HonoursClouds/Content/M_VolumetricCloud_Sim.uasset" 614
"D:/Uni/Year4/CMP400_Honours_Project/HonoursClouds/Content/M_VolumetricCloud_Sim.uexp" 615
"D:/Uni/Year4/CMP400_Honours_Project/HonoursClouds/Content/M_VolumetricCloud_Sim_Inst.uasset" 616
"D:/Uni/Year4/CMP400_Honours_Project/HonoursClouds/Content/M_VolumetricCloud_Sim_Inst.uexp" 617
"D:/Uni/Year4/CMP400_Honours_Project/HonoursClouds/Content/StarterContent/Textures/T_Ground_Grass_D.ubulk" 618
"D:/Uni/Year4/CMP400_Honours_Project/HonoursClouds/Content/StarterContent/Textures/T_Ground_Grass_D.uasset" 619
"D:/Uni/Year4/CMP400_Honours_Project/HonoursClouds/Content/StarterContent/Textures/T_Ground_Grass_D.uexp" 620
"D:/Uni/Year4/CMP400_Honours_Project/HonoursClouds/Content/StarterContent/Textures/T_Ground_Grass_N.ubulk" 621
"D:/Uni/Year4/CMP400_Honours_Project/HonoursClouds/Content/StarterContent/Textures/T_Ground_Grass_N.uasset" 622
"D:/Uni/Year4/CMP400_Honours_Project/HonoursClouds/Content/StarterContent/Textures/T_Ground_Grass_N.uexp" 623
"D:/Uni/Year4/CMP400_Honours_Project/HonoursClouds/Content/StarterContent/Textures/T_Perlin_Noise_M.ubulk" 624
"D:/Uni/Year4/CMP400_Honours_Project/HonoursClouds/Content/StarterContent/Textures/T_Perlin_Noise_M.uasset" 625
"D:/Uni/Year4/CMP400_Honours_Project/HonoursClouds/Content/StarterContent/Textures/T_Perlin_Noise_M.uexp" 626
"D:/Uni/Year4/CMP400_Honours_Project/HonoursClouds/Content/StarterContent/Textures/T_MacroVariation.uasset" 627
"D:/Uni/Year4/CMP400_Honours_Project/HonoursClouds/Content/StarterContent/Textures/T_MacroVariation.uexp" 628
"D:/Uni/Year4/CMP400_Honours_Project/HonoursClouds/Content/StarterContent/Materials/M_Ground_Grass.uasset" 629
"D:/Uni/Year4/CMP400_Honours_Project/HonoursClouds/Content/StarterContent/Materials/M_Ground_Grass.uexp" 630
"D:/Uni/Year4/CMP400_Honours_Project/HonoursClouds/Content/StarterContent/Audio/Starter_Background_Cue.uasset" 631
"D:/Uni/Year4/CMP400_Honours_Project/HonoursClouds/Content/StarterContent/Audio/Starter_Background_Cue.uexp" 632
"D:/Uni/Year4/CMP400_Honours_Project/HonoursClouds/Content/StarterContent/Maps/Minimal_Default.uexp" 633
"D:/Uni/Year4/CMP400_Honours_Project/HonoursClouds/Content/StarterContent/Maps/Minimal_Default.umap" 634
